<?xml version="1.0" encoding="UTF-8"?>
<!-- Generated by org.testng.reporters.JUnitReportReporter -->
<testsuite skipped="0" hostname="shanu-PC" name="demo1.Demo1.fsssdd" tests="1" failures="0" timestamp="22 Apr 2020 09:55:31 GMT" time="22.420" errors="0">
  <testcase name="Script1" time="22.420" classname="demo1.Demo1.fsssdd"/>
</testsuite> <!-- demo1.Demo1.fsssdd -->
